[dotenv@17.2.3] injecting env (0) from .env -- tip: ≡ƒöÉ encrypt with Dotenvx: https://dotenvx.com
Checking Logic for User cmj6p317l000ypwnxzf02sans, Item cmkm7kxmv000f14lu2fht0h1x
node.exe : Item not 
found
At line:1 char:1
+ & "C:\Program Files
\nodejs/node.exe" 
"C:\Program 
Files\nodejs/node_mo 
...
+ ~~~~~~~~~~~~~~~~~~~
~~~~~~~~~~~~~~~~~~~~~
~~~~~~~~~~~~~~~~~~~~~
~~~~~~~~
    + CategoryInfo   
           : NotSpe  
  cified: (Item no   
 t found:String)     
[], RemoteExcept    
ion
    + FullyQualified 
   ErrorId : Native  
  CommandError
 
